21:04:11.041 [main] DEBUG com.cvs.digital.automation.cos.database - Logging in user darth with id 3 
21:06:19.893 [main] INFO  com.cvs.digital.automation.cos.database - Logging in user yoda with id 6 
21:06:20.360 [main] DEBUG com.cvs.digital.automation.cos.database - Logging in user jarjar with id 7 
21:06:20.831 [main] INFO  com.cvs.digital.automation.cos.database - Logging in user yoda with id 6 
21:07:05.500 [main] ERROR com.cvs.digital.automation.cos.database - Logging in user leia with id 2 
21:07:06.186 [main] ERROR com.cvs.digital.automation.cos.database - Logging in user anakin with id 0 
21:41:48.208 [main] DEBUG com.cvs.digital.automation.cos.database - Logging in user luke with id 1 
21:41:48.752 [main] ERROR com.cvs.digital.automation.cos.database - Logging in user padme with id 5 
21:41:49.417 [main] DEBUG com.cvs.digital.automation.cos.database - Logging in user mace with id 4 
22:26:24.508 [main] WARN  com.cvs.digital.automation.cos.database - Logging in user jarjar with id 7 
22:26:25.059 [main] INFO  com.cvs.digital.automation.cos.database - Logging in user han with id 8 
22:26:26.602 [main] DEBUG com.cvs.digital.automation.cos.database - Logging in user luke with id 1 
22:26:27.039 [main] INFO  com.cvs.digital.automation.cos.database - Logging in user padme with id 5 
22:26:28.852 [main] DEBUG com.cvs.digital.automation.cos.database - Logging in user yoda with id 6 
22:26:29.323 [main] ERROR com.cvs.digital.automation.cos.database - Logging in user mace with id 4 
22:26:30.638 [main] ERROR com.cvs.digital.automation.cos.database - Logging in user chewie with id 9 
22:26:31.092 [main] WARN  com.cvs.digital.automation.cos.database - Logging in user yoda with id 6 
22:26:31.724 [main] DEBUG com.cvs.digital.automation.cos.database - Logging in user chewie with id 9 
22:26:32.408 [main] INFO  com.cvs.digital.automation.cos.database - Logging in user han with id 8 
22:26:32.853 [main] ERROR com.cvs.digital.automation.cos.database - Logging in user jarjar with id 7 
22:26:33.528 [main] DEBUG com.cvs.digital.automation.cos.database - Logging in user jarjar with id 7 
22:26:34.429 [main] ERROR com.cvs.digital.automation.cos.database - Logging in user mace with id 4 
22:26:35.097 [main] WARN  com.cvs.digital.automation.cos.database - Logging in user mace with id 4 
22:26:36.101 [main] ERROR com.cvs.digital.automation.cos.database - Logging in user padme with id 5 
22:26:37.071 [main] WARN  com.cvs.digital.automation.cos.database - Logging in user padme with id 5 
22:26:37.525 [main] WARN  com.cvs.digital.automation.cos.database - Logging in user anakin with id 0 
22:26:39.038 [main] WARN  com.cvs.digital.automation.cos.database - Logging in user yoda with id 6 
22:26:39.696 [main] DEBUG com.cvs.digital.automation.cos.database - Logging in user anakin with id 0 
22:26:40.588 [main] WARN  com.cvs.digital.automation.cos.database - Logging in user yoda with id 6 
22:27:23.759 [main] WARN  com.cvs.digital.automation.cos.database - Logging in user leia with id 2 
22:27:25.809 [main] INFO  com.cvs.digital.automation.cos.database - Logging in user leia with id 2 
22:27:26.337 [main] WARN  com.cvs.digital.automation.cos.database - Logging in user padme with id 5 
22:27:27.467 [main] WARN  com.cvs.digital.automation.cos.database - Logging in user leia with id 2 
22:27:28.726 [main] ERROR com.cvs.digital.automation.cos.database - Logging in user han with id 8 
22:27:29.164 [main] WARN  com.cvs.digital.automation.cos.database - Logging in user jarjar with id 7 
22:27:30.074 [main] DEBUG com.cvs.digital.automation.cos.database - Logging in user mace with id 4 
22:27:32.391 [main] WARN  com.cvs.digital.automation.cos.database - Logging in user chewie with id 9 
22:31:32.342 [main] WARN  com.cvs.digital.automation.cos.database - Logging in user anakin with id 0 
22:31:32.836 [main] INFO  com.cvs.digital.automation.cos.database - Logging in user luke with id 1 
22:31:33.390 [main] WARN  com.cvs.digital.automation.cos.database - Logging in user mace with id 4 
22:31:34.893 [main] ERROR com.cvs.digital.automation.cos.database - Logging in user mace with id 4 
22:31:36.057 [main] INFO  com.cvs.digital.automation.cos.database - Logging in user chewie with id 9 
22:31:36.579 [main] WARN  com.cvs.digital.automation.cos.database - Logging in user leia with id 2 
22:31:37.218 [main] ERROR com.cvs.digital.automation.cos.database - Logging in user han with id 8 
22:31:38.815 [main] WARN  com.cvs.digital.automation.cos.database - Logging in user padme with id 5 
22:31:39.234 [main] INFO  com.cvs.digital.automation.cos.database - Logging in user darth with id 3 
22:31:39.890 [main] INFO  com.cvs.digital.automation.cos.database - Logging in user mace with id 4 
22:31:40.361 [main] INFO  com.cvs.digital.automation.cos.database - Logging in user anakin with id 0 
22:31:41.849 [main] INFO  com.cvs.digital.automation.cos.database - Logging in user darth with id 3 
22:31:42.261 [main] WARN  com.cvs.digital.automation.cos.database - Logging in user anakin with id 0 
22:31:44.033 [main] INFO  com.cvs.digital.automation.cos.database - Logging in user chewie with id 9 
22:31:45.001 [main] DEBUG com.cvs.digital.automation.cos.database - Logging in user leia with id 2 
22:31:47.897 [main] ERROR com.cvs.digital.automation.cos.database - Logging in user mace with id 4 
22:31:49.444 [main] DEBUG com.cvs.digital.automation.cos.database - Logging in user padme with id 5 
